#
# A fatal error has been detected by the Java Runtime Environment:
#
#  Internal Error (javaClasses.cpp:126), pid=15500, tid=26696
#  fatal error: Invalid layout of preloaded class
#
# JRE version:  (8.0_20-b26) (build )
# Java VM: Java HotSpot(TM) 64-Bit Server VM (25.20-b23 mixed mode windows-amd64 compressed oops)
# Failed to write core dump. Minidumps are not enabled by default on client versions of Windows
#
# If you would like to submit a bug report, please visit:
#   http://bugreport.sun.com/bugreport/crash.jsp
#

---------------  T H R E A D  ---------------

Current thread (0x0000000002082800):  JavaThread "Unknown thread" [_thread_in_vm, id=26696, stack(0x0000000001f80000,0x0000000002080000)]

Stack: [0x0000000001f80000,0x0000000002080000]
Native frames: (J=compiled Java code, j=interpreted, Vv=VM code, C=native code)
V  [jvm.dll+0x3152fa]
V  [jvm.dll+0x265d03]
V  [jvm.dll+0x266943]
V  [jvm.dll+0x25e1e6]
V  [jvm.dll+0x5e64c]
V  [jvm.dll+0x5e743]
V  [jvm.dll+0x7316a]
V  [jvm.dll+0x734c8]
V  [jvm.dll+0xe3937]
V  [jvm.dll+0xe3cc6]
V  [jvm.dll+0x1f89d7]
V  [jvm.dll+0x229fc4]
V  [jvm.dll+0x14c6f1]
C  [javaw.exe+0x20c6]
C  [javaw.exe+0xc9eb]
C  [javaw.exe+0xca7f]
C  [KERNEL32.DLL+0x1842]
C  [ntdll.dll+0x3f9d1]


---------------  P R O C E S S  ---------------

Java Threads: ( => current thread )

Other Threads:

=>0x0000000002082800 (exited) JavaThread "Unknown thread" [_thread_in_vm, id=26696, stack(0x0000000001f80000,0x0000000002080000)]

VM state:not at safepoint (not fully initialized)

VM Mutex/Monitor currently owned by a thread: None

GC Heap History (0 events):
No events

Deoptimization events (0 events):
No events

Internal exceptions (0 events):
No events

Events (10 events):
Event: 0.044 loading class java/lang/CharSequence done
Event: 0.045 loading class java/lang/String done
Event: 0.045 loading class java/lang/Class
Event: 0.045 loading class java/lang/reflect/AnnotatedElement
Event: 0.045 loading class java/lang/reflect/AnnotatedElement done
Event: 0.045 loading class java/lang/reflect/GenericDeclaration
Event: 0.045 loading class java/lang/reflect/GenericDeclaration done
Event: 0.045 loading class java/lang/reflect/Type
Event: 0.045 loading class java/lang/reflect/Type done
Event: 0.046 loading class java/lang/Class done


Dynamic libraries:
0x000007f734da0000 - 0x000007f734dd4000 	C:\Program Files\Java\jdk1.8.0_20\bin\javaw.exe
0x000007f909a50000 - 0x000007f909c0e000 	C:\Windows\SYSTEM32\ntdll.dll
0x000007f908630000 - 0x000007f908767000 	C:\Windows\system32\KERNEL32.DLL
0x000007f906d10000 - 0x000007f906e04000 	C:\Windows\system32\KERNELBASE.dll
0x000007f909960000 - 0x000007f909a3e000 	C:\Windows\system32\ADVAPI32.dll
0x000007f909340000 - 0x000007f90948c000 	C:\Windows\system32\USER32.dll
0x000007f904250000 - 0x000007f9044ba000 	C:\Windows\WinSxS\amd64_microsoft.windows.common-controls_6595b64144ccf1df_6.0.9200.16579_none_418ab7ef718b27ef\COMCTL32.dll
0x000007f9098b0000 - 0x000007f909955000 	C:\Windows\system32\msvcrt.dll
0x000007f906e30000 - 0x000007f906e78000 	C:\Windows\SYSTEM32\sechost.dll
0x000007f908e10000 - 0x000007f908f55000 	C:\Windows\system32\RPCRT4.dll
0x000007f907120000 - 0x000007f907261000 	C:\Windows\system32\GDI32.dll
0x000007f9090d0000 - 0x000007f909109000 	C:\Windows\system32\IMM32.DLL
0x000007f908770000 - 0x000007f908886000 	C:\Windows\system32\MSCTF.dll
0x000000006f590000 - 0x000000006f662000 	C:\Program Files\Java\jdk1.8.0_20\jre\bin\msvcr100.dll
0x000000006fec0000 - 0x0000000070718000 	C:\Program Files\Java\jdk1.8.0_20\jre\bin\server\jvm.dll
0x000007f8fd4d0000 - 0x000007f8fd4d9000 	C:\Windows\SYSTEM32\WSOCK32.dll
0x000007f902410000 - 0x000007f902430000 	C:\Windows\SYSTEM32\WINMM.dll
0x000007f909a40000 - 0x000007f909a47000 	C:\Windows\system32\PSAPI.DLL
0x000007f909110000 - 0x000007f909168000 	C:\Windows\system32\WS2_32.dll
0x000007f902340000 - 0x000007f902373000 	C:\Windows\SYSTEM32\WINMMBASE.dll
0x000007f907110000 - 0x000007f907119000 	C:\Windows\system32\NSI.dll
0x000007f906a00000 - 0x000007f906a4f000 	C:\Windows\SYSTEM32\cfgmgr32.dll
0x000007f906c30000 - 0x000007f906c52000 	C:\Windows\system32\DEVOBJ.dll
0x00000000713d0000 - 0x00000000713df000 	C:\Program Files\Java\jdk1.8.0_20\jre\bin\verify.dll
0x0000000070970000 - 0x0000000070998000 	C:\Program Files\Java\jdk1.8.0_20\jre\bin\java.dll
0x0000000070ce0000 - 0x0000000070cf6000 	C:\Program Files\Java\jdk1.8.0_20\jre\bin\zip.dll
0x000007f8ff940000 - 0x000007f8ffaa3000 	C:\Windows\SYSTEM32\dbghelp.dll

VM Arguments:
jvm_args: -Dfile.encoding=MS949 -Xbootclasspath:C:\Users\jungha-p\adt-bundle-windows-x86_64-20140702\adt-bundle-windows-x86_64-20140702\sdk\platforms\android-16\android.jar;C:\Users\jungha-p\adt-bundle-windows-x86_64-20140702\adt-bundle-windows-x86_64-20140702\sdk\add-ons\addon-google_apis-google-16\libs\usb.jar;C:\Users\jungha-p\adt-bundle-windows-x86_64-20140702\adt-bundle-windows-x86_64-20140702\sdk\add-ons\addon-google_apis-google-16\libs\effects.jar;C:\Users\jungha-p\adt-bundle-windows-x86_64-20140702\adt-bundle-windows-x86_64-20140702\sdk\add-ons\addon-google_apis-google-16\libs\maps.jar 
java_command: http.send_get_test
java_class_path (initial): C:\Users\jungha-p\Andexam\AndProject\bin\classes;C:\Users\jungha-p\Andexam\appcompat_v7\libs\android-support-v4.jar;C:\Users\jungha-p\Andexam\appcompat_v7\libs\android-support-v7-appcompat.jar;C:\Users\jungha-p\Andexam\appcompat_v7\bin\appcompat_v7.jar
Launcher Type: SUN_STANDARD

Environment Variables:
JAVA_HOME=C:\Program Files\Java\jdk1.8.0_20;
CLASSPATH=.
PATH=C:/Program Files/Java/jdk1.8.0_20/bin/../jre/bin/server;C:/Program Files/Java/jdk1.8.0_20/bin/../jre/bin;C:/Program Files/Java/jdk1.8.0_20/bin/../jre/lib/amd64;C:\Program Files\Java\jdk1.8.0_20\bin;C:\Program Files (x86)\Intel\iCLS Client\;C:\Program Files\Intel\iCLS Client\;C:\Windows\system32;C:\Windows;C:\Windows\System32\Wbem;C:\Windows\System32\WindowsPowerShell\v1.0\;C:\Program Files (x86)\Windows Live\Shared;C:\Program Files\Intel\Intel(R) Management Engine Components\DAL;C:\Program Files\Intel\Intel(R) Management Engine Components\IPT;C:\Program Files (x86)\Intel\Intel(R) Management Engine Components\DAL;C:\Program Files (x86)\Intel\Intel(R) Management Engine Components\IPT;C:\Program Files (x86)\Intel\OpenCL SDK\3.0\bin\x86;C:\Program Files (x86)\Intel\OpenCL SDK\3.0\bin\x64;C:\Program Files\Intel\WiFi\bin\;C:\Program Files\Common Files\Intel\WirelessCommon\;c:\Program Files (x86)\Microsoft SQL Server\100\Tools\Binn\;c:\Program Files\Microsoft SQL Server\100\Tools\Binn\;c:\Program Files\Microsoft SQL Server\100\DTS\Binn\;c:\Program Files (x86)\Microsoft SQL Server\100\Tools\Binn\VSShell\Common7\IDE\;c:\Program Files (x86)\Microsoft SQL Server\100\DTS\Binn\;C:\Program Files\Intel\WiFi\bin\;C:\Program Files\Common Files\Intel\WirelessCommon\;C:\Users\jungha-p\adt-bundle-windows-x86_64-20140702\adt-bundle-windows-x86_64-20140702\eclipse;
USERNAME=jungha-p
OS=Windows_NT
PROCESSOR_IDENTIFIER=Intel64 Family 6 Model 69 Stepping 1, GenuineIntel



---------------  S Y S T E M  ---------------

OS: Windows 8 , 64 bit Build 9200 

CPU:total 4 (2 cores per cpu, 2 threads per core) family 6 model 69 stepping 1, cmov, cx8, fxsr, mmx, sse, sse2, sse3, ssse3, sse4.1, sse4.2, popcnt, avx, avx2, aes, clmul, erms, lzcnt, ht, tsc, tscinvbit, bmi1, bmi2

Memory: 4k page, physical 4100048k(992684k free), swap 8294352k(3863904k free)

vm_info: Java HotSpot(TM) 64-Bit Server VM (25.20-b23) for windows-amd64 JRE (1.8.0_20-b26), built on Jul 30 2014 13:51:23 by "java_re" with MS VC++ 10.0 (VS2010)

time: Thu Nov 13 14:12:09 2014
elapsed time: 0 seconds (0d 0h 0m 0s)

